<?xml version="1.0" encoding="UTF-8"?>
<!-- Generated by org.testng.reporters.JUnitXMLReporter -->
<testsuite ignored="0" hostname="RAKESHDPF1XF006" failures="0" tests="1" name="Command line test" time="0.022" errors="0" timestamp="10 Jun 2021 09:27:13 GMT">
  <testcase classname="com.ot.tests.BaseTest" name="@BeforeMethod setUp" time="0.005">
    <failure type="java.lang.ArrayIndexOutOfBoundsException" message="Index 0 out of bounds for length 0">
      <![CDATA[java.lang.ArrayIndexOutOfBoundsException: Index 0 out of bounds for length 0
at com.ot.tests.BaseTest.setUp(BaseTest.java:19)
... Removed 38 stack frames]]>
    </failure>
  </testcase> <!-- @BeforeMethod setUp -->
  <testcase classname="com.ot.tests.BaseTest" name="@AfterMethod tearDown" time="0.0">
    <skipped/>
  </testcase> <!-- @AfterMethod tearDown -->
  <testcase classname="com.ot.tests.ApertureLoginTest" name="loginLogoutTestDirect" time="0.0">
    <skipped/>
  </testcase> <!-- loginLogoutTestDirect -->
</testsuite> <!-- Command line test -->
